
ROM used: 1314 (16%)
          1314 (16%) including unused fragments

          2 Average locations per line
          13 Average locations per statement

RAM used: 16 (4%) at main() level
          34 (9%) worst case

Stack used: 2 worst case (out of 8 total available)

Lines Stmts  %   Files
----- ----- ---  -----
  153   102 100  rc.c
  410     0   0  ..\..\..\..\Program Files (x86)\PICC\devices\16F887.h
----- -----
  563   102 Total

Page ROM  %  RAM   Vol Diff  Functions:
---- --- --- ---   --- ----  ----------
0     20   2   1             @delay_ms1
0     15   1   1             @delay_us1
0    118   9   4   389  6.8  tocdo
0     29   2   2             @ITOF
0    117   9  13             @MULFF
0    321  24  16             @ADDFF
0     31   2   4             @SFTOI
0    118   9   4   389  6.8  duongnguoc
0    118   9   4   387  6.3  tocdoam
0    118   9   4   387  6.3  tocdoamnguoc
0    305  23   1  1412  6.8  MAIN

Program metrics:
    Functions               5
    Statements              102
    Comments                79
    Volume (V)              4024
    Difficilty (D)          32.1
    Effort to implement (E) 129146
    Time to implement (T)   2 hours, 0 minutes
    Est Delivered Bugs (B)  1
    Cyclomatic Complexity   16
    Maintainability (MI)    80

 Segment     Used  Free
-----------  ----  ----
00000-00003     4  0  
00004-007FF  1310  734  
00800-00FFF     0  2048  
01000-017FF     0  2048  
01800-01FFF     0  2048  



